"../../../Engine/Content/ArtTools/RenderToTexture/Enums/RenderToTexture_Enum.uasset" 0
"../../../Engine/Content/ArtTools/RenderToTexture/Enums/RenderToTexture_Flipbook_Enum.uasset" 1
"../../../Engine/Content/ArtTools/RenderToTexture/Enums/RenderToTexture_Imposter_Enum.uasset" 2
"../../../Engine/Content/EditorBlueprintResources/StandardMacros.uasset" 3
"../../../Engine/Content/ArtTools/RenderToTexture/Enums/EIntTypes.uasset" 4
"../../../Engine/Content/ArtTools/RenderToTexture/Macros/RenderToTextureFunctionLibrary.uasset" 5
"../../../Engine/Content/ArtTools/RenderToTexture/Enums/EFloatTypes.uasset" 6
"../../../Engine/Content/ArtTools/RenderToTexture/Macros/RenderToTextureMacros.uasset" 7
"../../../Engine/Content/Functions/Engine_MaterialFunctions01/Opacity/CameraDepthFade.uasset" 8
"../../../Engine/Content/EngineMaterials/T_Default_Material_Grid_M.uasset" 9
"../../../Engine/Content/EngineMaterials/T_Default_Material_Grid_N.uasset" 10
"../../../Engine/Content/EngineMaterials/WorldGridMaterial.uasset" 11
"../../../Engine/Content/ArtTools/RenderToTexture/Meshes/S_1_Unit_Plane.uasset" 12
"../../../Engine/Content/EngineMaterials/DefaultMaterial.uasset" 13
"../../../Engine/Content/BasicShapes/Cone.uasset" 14
"../../../Engine/Content/BasicShapes/Cylinder.uasset" 15
"../../../Engine/Content/BasicShapes/Plane.uasset" 16
"../../../Engine/Content/EngineMaterials/DefaultPhysicalMaterial.uasset" 17
"../../../Engine/Content/BufferVisualization/AmbientOcclusion.uasset" 18
"../../../Engine/Content/BufferVisualization/BaseColor.uasset" 19
"../../../Engine/Content/BufferVisualization/CustomDepth.uasset" 20
"../../../Engine/Content/Functions/Engine_MaterialFunctions02/Utility/VectorLength.uasset" 21
"../../../Engine/Content/BufferVisualization/CustomDepthWorldUnits.uasset" 22
"../../../Engine/Content/Functions/Engine_MaterialFunctions02/Utility/BreakOutFloat2Components.uasset" 23
"../../../Engine/Content/Functions/Engine_MaterialFunctions01/Texturing/ScaleUVsByCenter.uasset" 24
"../../../Engine/Content/Functions/Engine_MaterialFunctions02/ScreenResolution.uasset" 25
"../../../Engine/Content/Functions/Engine_MaterialFunctions02/Texturing/ScreenAlignedUVs.uasset" 26
"../../../Engine/Content/Functions/Engine_MaterialFunctions02/Utility/MakeFloat2.uasset" 27
"../../../Engine/Content/Functions/Engine_MaterialFunctions02/Utility/MakeFloat3.uasset" 28
"../../../Engine/Content/EngineMaterials/MiniFont.uasset" 29
"../../../Engine/Content/BufferVisualization/CustomStencil.uasset" 30
"../../../Engine/Content/BufferVisualization/FinalImage.uasset" 31
"../../../Engine/Content/BufferVisualization/LightingModel.uasset" 32
"../../../Engine/Content/BufferVisualization/MaterialAO.uasset" 33
"../../../Engine/Content/BufferVisualization/Metallic.uasset" 34
"../../../Engine/Content/BufferVisualization/Opacity.uasset" 35
"../../../Engine/Content/BufferVisualization/PostTonemapHDRColor.uasset" 36
"../../../Engine/Content/BufferVisualization/PreTonemapHDRColor.uasset" 37
"../../../Engine/Content/BufferVisualization/Roughness.uasset" 38
"../../../Engine/Content/BufferVisualization/SceneColor.uasset" 39
"../../../Engine/Content/BufferVisualization/SceneDepth.uasset" 40
"../../../Engine/Content/BufferVisualization/SceneDepthWorldUnits.uasset" 41
"../../../Engine/Content/BufferVisualization/SeparateTranslucencyA.uasset" 42
"../../../Engine/Content/BufferVisualization/SeparateTranslucencyRGB.uasset" 43
"../../../Engine/Content/BufferVisualization/Specular.uasset" 44
"../../../Engine/Content/BufferVisualization/SubsurfaceColor.uasset" 45
"../../../Engine/Content/BufferVisualization/WorldNormal.uasset" 46
"../../../Engine/Content/EditorLandscapeResources/DataLayer.uasset" 47
"../../../Engine/Content/EditorLandscapeResources/DefaultAlphaTexture.uasset" 48
"../../../Engine/Content/EditorLandscapeResources/LandscapeGizmoHeight_Mat.uasset" 49
"../../../Engine/Content/EditorLandscapeResources/LandscapeGizmo_Mat.uasset" 50
"../../../Engine/Content/EditorLandscapeResources/LandscapeGizmo_Mat_Copied.uasset" 51
"../../../Engine/Content/EditorLandscapeResources/SplineEditorMeshMat.uasset" 52
"../../../Engine/Content/EditorLandscapeResources/SplineEditorMesh.uasset" 53
"../../../Engine/Content/EditorMaterials/Cross.uasset" 54
"../../../Engine/Content/EditorMaterials/Cross_Mat.uasset" 55
"../../../Engine/Content/EditorMaterials/GizmoMaterial.uasset" 56
"../../../Engine/Content/Functions/Engine_MaterialFunctions02/Utility/Sign.uasset" 57
"../../../Engine/Content/Functions/Engine_MaterialFunctions02/Utility/Round.uasset" 58
"../../../Engine/Content/Functions/Engine_MaterialFunctions02/ExampleContent/Textures/flipbook.uasset" 59
"../../../Engine/Content/Functions/Engine_MaterialFunctions02/Texturing/FlipBook.uasset" 60
"../../../Engine/Content/EditorResources/T_EditorHelp.uasset" 61
"../../../Engine/Content/EditorMaterials/HelpActorMaterial.uasset" 62
"../../../Engine/Content/EditorMaterials/CompositeARGBLayer.uasset" 63
"../../../Engine/Content/EditorMaterials/TilingAALineIntegral.uasset" 64
"../../../Engine/Content/EditorMaterials/TilingAALineBoxFiltered.uasset" 65
"../../../Engine/Content/Functions/Engine_MaterialFunctions03/Procedurals/ComputeFilterWidth.uasset" 66
"../../../Engine/Content/EditorMaterials/TilingAADots.uasset" 67
"../../../Engine/Content/EditorMaterials/Cascade/CASC_Cross.uasset" 68
"../../../Engine/Content/EditorMaterials/Cascade/CASC_None.uasset" 69
"../../../Engine/Content/Functions/Engine_MaterialFunctions03/Blends/Blend_Screen.uasset" 70
"../../../Engine/Content/EditorMaterials/TilingAAGrid.uasset" 71
"../../../Engine/Content/EditorMaterials/LevelGridMaterial.uasset" 72
"../../../Engine/Content/EditorMaterials/MakeCompositeARGBLayer.uasset" 73
"../../../Engine/Content/EditorResources/LevelGrid1DStripes.uasset" 74
"../../../Engine/Content/EditorMaterials/TextureGridCascaded1D.uasset" 75
"../../../Engine/Content/EditorMaterials/TextureGridCascaded2D.uasset" 76
"../../../Engine/Content/EditorMaterials/LevelGridMaterial2.uasset" 77
"../../../Engine/Content/EditorMaterials/MAT_Groups_Toggle.uasset" 78
"../../../Engine/Content/EditorMaterials/MAT_Groups_Visibility.uasset" 79
"../../../Engine/Content/EditorMaterials/PhAT_BoneSelectedMaterial.uasset" 80
"../../../Engine/Content/EditorMaterials/PhAT_ElemSelectedMaterial.uasset" 81
"../../../Engine/Content/EditorMaterials/PhAT_NoCollisionMaterial.uasset" 82
"../../../Engine/Content/EditorMaterials/PhAT_UnselectedMaterial.uasset" 83
"../../../Engine/Content/EditorMaterials/PreviewShadowIndicator.uasset" 84
"../../../Engine/Content/EditorMaterials/PreviewShadowIndicatorMaterial.uasset" 85
"../../../Engine/Content/EditorMaterials/TargetIcon.uasset" 86
"../../../Engine/Content/EditorMaterials/Tick.uasset" 87
"../../../Engine/Content/EditorMaterials/Tick_Mat.uasset" 88
"../../../Engine/Content/EditorMaterials/WidgetGridVertexColorMaterial.uasset" 89
"../../../Engine/Content/EditorMaterials/WidgetGridVertexColorMaterial_Ma.uasset" 90
"../../../Engine/Content/EditorMaterials/WidgetMaterial.uasset" 91
"../../../Engine/Content/EditorMaterials/WidgetMaterial_Current.uasset" 92
"../../../Engine/Content/EditorMaterials/WidgetMaterial_X.uasset" 93
"../../../Engine/Content/EditorMaterials/WidgetMaterial_Y.uasset" 94
"../../../Engine/Content/EditorMaterials/WidgetMaterial_Z.uasset" 95
"../../../Engine/Content/EditorMaterials/WidgetVertexColorMaterial.uasset" 96
"../../../Engine/Content/EditorMaterials/MatineeGroups/MAT_ColorTrack.uasset" 97
"../../../Engine/Content/EditorMaterials/MatineeGroups/MAT_Groups_Anim.uasset" 98
"../../../Engine/Content/EditorMaterials/MatineeGroups/MAT_Groups_AudioMaster.uasset" 99
"../../../Engine/Content/EditorMaterials/MatineeGroups/MAT_Groups_Director.uasset" 100
"../../../Engine/Content/EditorMaterials/MatineeGroups/MAT_Groups_Event.uasset" 101
"../../../Engine/Content/EditorMaterials/MatineeGroups/MAT_Groups_Fade.uasset" 102
"../../../Engine/Content/EditorMaterials/MatineeGroups/MAT_Groups_Float.uasset" 103
"../../../Engine/Content/EditorMaterials/MatineeGroups/MAT_Groups_Move.uasset" 104
"../../../Engine/Content/EditorMaterials/MatineeGroups/MAT_Groups_Slomo.uasset" 105
"../../../Engine/Content/EditorMaterials/MatineeGroups/MAT_Groups_Sound.uasset" 106
"../../../Engine/Content/EditorMaterials/MatineeGroups/MAT_Groups_Vector.uasset" 107
"../../../Engine/Content/EditorMaterials/ParticleSystems/PSysThumbnail_NoImage.uasset" 108
"../../../Engine/Content/EditorMaterials/ParticleSystems/PSysThumbnail_OOD.uasset" 109
"../../../Engine/Content/EngineMaterials/Grid.uasset" 110
"../../../Engine/Content/EditorMaterials/Thumbnails/FloorPlaneMaterial.uasset" 111
"../../../Engine/Content/EditorMeshes/EditorCube.uasset" 112
"../../../Engine/Content/EditorMeshes/EditorCylinder.uasset" 113
"../../../Engine/Content/EditorMeshes/EditorPlane.uasset" 114
"../../../Engine/Content/EditorMaterials/Thumbnails/SkySphereMaterial.uasset" 115
"../../../Engine/Content/EditorMeshes/EditorSkySphere.uasset" 116
"../../../Engine/Content/EditorMeshes/EditorSphere.uasset" 117
"../../../Engine/Content/EditorResources/MatineeCam_D.uasset" 118
"../../../Engine/Content/EditorMaterials/MatineeCam_mat.uasset" 119
"../../../Engine/Content/EditorMeshes/MatineeCam_SM.uasset" 120
"../../../Engine/Content/EditorMaterials/Camera/CineMat.uasset" 121
"../../../Engine/Content/EditorMaterials/Camera/MI_CineMat_CameraBody.uasset" 122
"../../../Engine/Content/EngineDebugMaterials/M_SimpleOpaque.uasset" 123
"../../../Engine/Content/EditorMaterials/Camera/MI_CineMat_CamViewFinder.uasset" 124
"../../../Engine/Content/EditorMeshes/Camera/SM_CineCam.uasset" 125
"../../../Engine/Content/EditorMaterials/Camera/MI_CineMat_Rig.uasset" 126
"../../../Engine/Content/EditorMeshes/Camera/SM_CraneRig_Arm.uasset" 127
"../../../Engine/Content/EditorMeshes/Camera/SM_CraneRig_Base.uasset" 128
"../../../Engine/Content/EditorMeshes/Camera/SM_CraneRig_Body.uasset" 129
"../../../Engine/Content/EditorMeshes/Camera/SM_CraneRig_Mount.uasset" 130
"../../../Engine/Content/EditorMeshes/Camera/SM_RailRig_Mount.uasset" 131
"../../../Engine/Content/EditorMeshes/Camera/SM_RailRig_Track.uasset" 132
"../../../Engine/Content/EditorMeshes/ColorCalibrator/M_ChromeBall.uasset" 133
"../../../Engine/Content/EditorMeshes/ColorCalibrator/M_ClearCoat.uasset" 134
"../../../Engine/Content/EditorMeshes/ColorCalibrator/M_ClearCoatBlack.uasset" 135
"../../../Engine/Content/EditorMeshes/ColorCalibrator/Color_checker.uasset" 136
"../../../Engine/Content/EditorMeshes/ColorCalibrator/M_ColorGrid.uasset" 137
"../../../Engine/Content/EditorMeshes/ColorCalibrator/M_GreyBall.uasset" 138
"../../../Engine/Content/EditorMeshes/ColorCalibrator/SM_ColorCalibrator.uasset" 139
"../../../Engine/Content/EditorResources/Bad.uasset" 140
"../../../Engine/Content/EditorResources/BSPVertex.uasset" 141
"../../../Engine/Content/EditorResources/EmptyActor.uasset" 142
"../../../Engine/Content/EditorResources/MatInstActSprite.uasset" 143
"../../../Engine/Content/EditorResources/SceneManager.uasset" 144
"../../../Engine/Content/EditorResources/SmallFont.uasset" 145
"../../../Engine/Content/EditorResources/S_Actor.uasset" 146
"../../../Engine/Content/EditorResources/S_DecalActorIcon.uasset" 147
"../../../Engine/Content/EditorResources/S_Emitter.uasset" 148
"../../../Engine/Content/EditorResources/S_ExpoHeightFog.uasset" 149
"../../../Engine/Content/EditorResources/S_FTest.uasset" 150
"../../../Engine/Content/EditorResources/S_KBSJoint.uasset" 151
"../../../Engine/Content/EditorResources/S_KHinge.uasset" 152
"../../../Engine/Content/EditorResources/S_KPrismatic.uasset" 153
"../../../Engine/Content/EditorResources/S_LevelSequence.uasset" 154
"../../../Engine/Content/EditorResources/S_NavP.uasset" 155
"../../../Engine/Content/EditorResources/S_Note.uasset" 156
"../../../Engine/Content/EditorResources/S_Player.uasset" 157
"../../../Engine/Content/EditorResources/S_PortalActorIcon2.uasset" 158
"../../../Engine/Content/EditorResources/S_RadForce.uasset" 159
"../../../Engine/Content/EditorResources/S_ReflActorIcon.uasset" 160
"../../../Engine/Content/EditorResources/S_Terrain.uasset" 161
"../../../Engine/Content/EditorResources/S_TextRenderActorIcon.uasset" 162
"../../../Engine/Content/EditorResources/S_Thruster.uasset" 163
"../../../Engine/Content/EditorResources/S_Trigger.uasset" 164
"../../../Engine/Content/EditorResources/S_VectorFieldVol.uasset" 165
"../../../Engine/Content/EditorResources/S_WindDirectional.uasset" 166
"../../../Engine/Content/EditorResources/AI/S_NavLink.uasset" 167
"../../../Engine/Content/EditorResources/LightIcons/SkyLight.uasset" 168
"../../../Engine/Content/EditorResources/LightIcons/S_LightDirectional.uasset" 169
"../../../Engine/Content/EditorResources/LightIcons/S_LightDirectionalMove.uasset" 170
"../../../Engine/Content/EditorResources/LightIcons/S_LightError.uasset" 171
"../../../Engine/Content/EditorResources/LightIcons/S_LightPoint.uasset" 172
"../../../Engine/Content/EditorResources/LightIcons/S_LightPointMove.uasset" 173
"../../../Engine/Content/EditorResources/LightIcons/S_LightSpot.uasset" 174
"../../../Engine/Content/EditorResources/LightIcons/S_LightSpotMove.uasset" 175
"../../../Engine/Content/EditorResources/SequenceRecorder/Countdown.uasset" 176
"../../../Engine/Content/EditorResources/SequenceRecorder/RecordingIndicator.uasset" 177
"../../../Engine/Content/EditorResources/Spline/T_Loft_Spline.uasset" 178
"../../../Engine/Content/EditorSounds/Notifications/CompileFailed.uasset" 179
"../../../Engine/Content/EditorSounds/Notifications/CompileFailed_Cue.uasset" 180
"../../../Engine/Content/EditorSounds/Notifications/CompileSuccess.uasset" 181
"../../../Engine/Content/EditorSounds/Notifications/CompileStart_Cue.uasset" 182
"../../../Engine/Content/EditorSounds/Notifications/CompileSuccess_Cue.uasset" 183
"../../../Engine/Content/EngineDamageTypes/DmgTypeBP_Environmental.uasset" 184
"../../../Engine/Content/EngineDebugMaterials/HeatmapGradient.uasset" 185
"../../../Engine/Content/EngineDebugMaterials/BoneWeightMaterial.uasset" 186
"../../../Engine/Content/EngineDebugMaterials/ClothMaterial.uasset" 187
"../../../Engine/Content/EngineDebugMaterials/ClothMaterial_WF.uasset" 188
"../../../Engine/Content/EngineDebugMaterials/DebugEditorMaterial.uasset" 189
"../../../Engine/Content/EngineDebugMaterials/DebugMeshMaterial.uasset" 190
"../../../Engine/Content/EngineDebugMaterials/GeomMaterial.uasset" 191
"../../../Engine/Content/Functions/Engine_MaterialFunctions01/Shading/ConvertFromDiffSpec.uasset" 192
"../../../Engine/Content/EngineDebugMaterials/LevelColorationLitMaterial.uasset" 193
"../../../Engine/Content/EngineDebugMaterials/LevelColorationUnlitMaterial.uasset" 194
"../../../Engine/Content/EngineMaterials/DefaultWhiteGrid.uasset" 195
"../../../Engine/Content/EngineDebugMaterials/MAT_LevelColorationLitLightmapUV.uasset" 196
"../../../Engine/Content/EngineDebugMaterials/M_SimpleTranslucent.uasset" 197
"../../../Engine/Content/EngineDebugMaterials/ShadedLevelColorationLitMaterial.uasset" 198
"../../../Engine/Content/EngineDebugMaterials/ShadedLevelColorationUnlitMateri.uasset" 199
"../../../Engine/Content/EngineDebugMaterials/VertexColorMaterial.uasset" 200
"../../../Engine/Content/EngineDebugMaterials/VertexColorViewMode_AlphaAsColor.uasset" 201
"../../../Engine/Content/EngineDebugMaterials/VertexColorViewMode_BlueOnly.uasset" 202
"../../../Engine/Content/EngineDebugMaterials/VertexColorViewMode_ColorOnly.uasset" 203
"../../../Engine/Content/EngineDebugMaterials/VertexColorViewMode_GreenOnly.uasset" 204
"../../../Engine/Content/EngineDebugMaterials/VertexColorViewMode_RedOnly.uasset" 205
"../../../Engine/Content/EngineDebugMaterials/WireframeMaterial.uasset" 206
"../../../Engine/Content/EngineFonts/Faces/RobotoBold.uasset" 207
"../../../Engine/Content/EngineFonts/Faces/RobotoBoldItalic.uasset" 208
"../../../Engine/Content/EngineFonts/Faces/RobotoItalic.uasset" 209
"../../../Engine/Content/EngineFonts/Faces/RobotoLight.uasset" 210
"../../../Engine/Content/EngineFonts/Faces/RobotoRegular.uasset" 211
"../../../Engine/Content/EngineFonts/Roboto.uasset" 212
"../../../Engine/Content/EngineFonts/Faces/RobotoTiny.uasset" 213
"../../../Engine/Content/EngineFonts/RobotoTiny.uasset" 214
"../../../Engine/Content/EngineFonts/SmallFont.uasset" 215
"../../../Engine/Content/EngineFonts/TinyFont.uasset" 216
"../../../Engine/Content/EngineResources/WhiteSquareTexture.uasset" 217
"../../../Engine/Content/EngineMaterials/BlinkingCaret.uasset" 218
"../../../Engine/Content/EngineMaterials/DefaultBloomKernel.uasset" 219
"../../../Engine/Content/EngineMaterials/DefaultBokeh.uasset" 220
"../../../Engine/Content/EngineMaterials/DefaultDiffuse.uasset" 221
"../../../Engine/Content/EngineMaterials/DefaultDeferredDecalMaterial.uasset" 222
"../../../Engine/Content/EngineMaterials/DefaultLightFunctionMaterial.uasset" 223
"../../../Engine/Content/EngineMaterials/DefaultNormal.uasset" 224
"../../../Engine/Content/EngineMaterials/DefaultPostProcessMaterial.uasset" 225
"../../../Engine/Content/EngineFonts/RobotoDistanceField.uasset" 226
"../../../Engine/Content/EngineMaterials/DefaultTextMaterialOpaque.uasset" 227
"../../../Engine/Content/EngineMaterials/EditorBrushMaterial.uasset" 228
"../../../Engine/Content/EngineMaterials/Good64x64TilingNoiseHighFreq.uasset" 229
"../../../Engine/Content/EngineMaterials/Grid_N.uasset" 230
"../../../Engine/Content/EngineMaterials/HighResolutionScreenshotMaskFunction.uasset" 231
"../../../Engine/Content/EngineMaterials/HighResScreenshot.uasset" 232
"../../../Engine/Content/EngineMaterials/HighResScreenshotCaptureRegion.uasset" 233
"../../../Engine/Content/EngineMaterials/HighResScreenshotMask.uasset" 234
"../../../Engine/Content/EngineMaterials/LandscapeHolePhysicalMaterial.uasset" 235
"../../../Engine/Content/EngineMaterials/InvalidLightmapSettings.uasset" 236
"../../../Engine/Content/EngineMaterials/M_InvalidLightmapSettings.uasset" 237
"../../../Engine/Content/EngineMaterials/PaperDiffuse.uasset" 238
"../../../Engine/Content/EngineMaterials/PaperNormal.uasset" 239
"../../../Engine/Content/Functions/Engine_MaterialFunctions02/WorldPositionOffset/CameraOffset.uasset" 240
"../../../Engine/Content/EngineMaterials/PhAT_JointLimitMaterial.uasset" 241
"../../../Engine/Content/EngineMaterials/PhysMat_Rubber.uasset" 242
"../../../Engine/Content/EngineMaterials/PreintegratedSkinBRDF.uasset" 243
"../../../Engine/Content/EngineMaterials/RemoveSurfaceMaterial.uasset" 244
"../../../Engine/Content/EngineMaterials/WeightMapPlaceholderTexture.uasset" 245
"../../../Engine/Content/EngineMaterials/Widget3DPassThrough.uasset" 246
"../../../Engine/Content/EngineMaterials/Widget3DPassThrough_Masked.uasset" 247
"../../../Engine/Content/EngineMaterials/Widget3DPassThrough_Opaque.uasset" 248
"../../../Engine/Content/EngineMaterials/Widget3DPassThrough_Masked_OneSided.uasset" 249
"../../../Engine/Content/EngineMaterials/Widget3DPassThrough_Opaque_OneSided.uasset" 250
"../../../Engine/Content/EngineMaterials/Widget3DPassThrough_Translucent.uasset" 251
"../../../Engine/Content/EngineMaterials/Widget3DPassThrough_Translucent_OneSided.uasset" 252
"../../../Engine/Content/EngineMeshes/Cube.uasset" 253
"../../../Engine/Content/EngineMeshes/Cylinder.uasset" 254
"../../../Engine/Content/EngineMeshes/Sphere.uasset" 255
"../../../Engine/Content/EngineResources/Black.uasset" 256
"../../../Engine/Content/EngineResources/DefaultTexture.uasset" 257
"../../../Engine/Content/EngineResources/DefaultTextureCube.uasset" 258
"../../../Engine/Content/EngineResources/GradientTexture0.uasset" 259
"../../../Engine/Content/EngineResources/StreamingPauseIcon.uasset" 260
"../../../Engine/Content/EngineResources/M_StreamingPause.uasset" 261
"../../../Engine/Content/EngineSounds/Master.uasset" 262
"../../../Engine/Content/Functions/Engine_MaterialFunctions01/Shading/PowerToRoughness.uasset" 263
"../../../Engine/Content/Maps/Templates/Thumbnails/Default.uasset" 264
"../../../Engine/Content/Maps/Templates/Thumbnails/VR-Basic.uasset" 265
"../../../Engine/Content/MapTemplates/Sky/DaylightAmbientCubemap.uasset" 266
"../../../Engine/Content/MobileResources/T_MobileControls_texture.uasset" 267
"../../../Engine/Content/MobileResources/T_MobileMenu2.uasset" 268
"../../../Engine/Content/MobileResources/HUD/AnalogHat.uasset" 269
"../../../Engine/Content/MobileResources/HUD/VirtualJoystick_Background.uasset" 270
"../../../Engine/Content/MobileResources/HUD/VirtualJoystick_Thumb.uasset" 271
"../../../Engine/Content/MobileResources/HUD/DefaultVirtualJoysticks.uasset" 272
"../../../Engine/Content/MobileResources/HUD/LeftVirtualJoystickOnly.uasset" 273
"../../../Engine/Content/MobileResources/HUD/MobileHUDButton1_off.uasset" 274
"../../../Engine/Content/MobileResources/HUD/MobileHUDButton1_on.uasset" 275
"../../../Engine/Content/MobileResources/HUD/MobileHUDButton2_off.uasset" 276
"../../../Engine/Content/MobileResources/HUD/MobileHUDButton2_on.uasset" 277
"../../../Engine/Content/MobileResources/HUD/MobileHUDButton3.uasset" 278
"../../../Engine/Content/MobileResources/HUD/MobileHUDButtonFire.uasset" 279
"../../../Engine/Content/MobileResources/HUD/MobileHUDDirectionPad.uasset" 280
"../../../Engine/Content/MobileResources/HUD/MobileHUDDirectionPad2.uasset" 281
"../../../Engine/Content/MobileResources/HUD/MobileHUDDirectionPad3.uasset" 282
"../../../Engine/Content/MobileResources/HUD/MobileHUDDirectionStick.uasset" 283
"../../../Engine/Content/MobileResources/HUD/T_Castle_ThumbstickInner.uasset" 284
"../../../Engine/Content/MobileResources/HUD/T_Castle_ThumbstickOutter.uasset" 285
"../../../Engine/Content/Tutorial/ContentIntroCurve.uasset" 286
"../../../Engine/Content/Tutorial/Basics/TutorialAssets/icon_tab_Levels_40x.uasset" 287
"../../../Engine/Content/Tutorial/BlueprintTutorials/TutorialAssets/BlueprintInterface_64x.uasset" 288
"../../../Engine/Content/Tutorial/BlueprintTutorials/TutorialAssets/BlueprintMacroLibrary_64x.uasset" 289
"../../../Engine/Content/Tutorial/BlueprintTutorials/TutorialAssets/Blueprint_64x.uasset" 290
"../../../Engine/Content/Tutorial/BlueprintTutorials/TutorialAssets/Tutorial_BP_Interface.uasset" 291
"../../../Engine/Content/Tutorial/Foliage/TutorialAssets/Foliage.uasset" 292
"../../../Engine/Content/Tutorial/Landscape/TutorialAssets/Landscape.uasset" 293
"../../../Engine/Content/Tutorial/Paper2D/TutorialAssets/Paper2DFlipbook_TutorialIcon.uasset" 294
"../../../Engine/Content/Tutorial/Paper2D/TutorialAssets/Paper2DSprite_TutorialIcon.uasset" 295
"../../../Engine/Content/Tutorial/SubEditors/TutorialAssets/icon_Editor_Preferences_General_40x.uasset" 296
"../../../Engine/Content/Tutorial/SubEditors/TutorialAssets/icon_ShowSkeletalMeshes_40x.uasset" 297
"../../../Engine/Content/Tutorial/SubEditors/TutorialAssets/TutorialMaterial.uasset" 298
"../../../Engine/Content/Tutorial/SubEditors/TutorialAssets/T_SmokeSubUV_8X8.uasset" 299
"../../../Engine/Content/Tutorial/SubEditors/TutorialAssets/T_soft_smoke.uasset" 300
"../../../Engine/Content/Tutorial/SubEditors/TutorialAssets/M_smoke_subUV_blackbody.uasset" 301
"../../../Engine/Content/Tutorial/SubEditors/TutorialAssets/TutorialParticleSystem.uasset" 302
"../../../Engine/Content/VREditor/Devices/Generic/GenericHMDMaterial.uasset" 303
"../../../Engine/Content/VREditor/Devices/Generic/GenericHMD.uasset" 304
"../../../Engine/Content/Functions/Engine_MaterialFunctions02/Utility/BreakOutFloat3Components.uasset" 305
"../../../Engine/Content/VREditor/Devices/Vive/VivePreController_MasksB.uasset" 306
"../../../Engine/Content/VREditor/Devices/Oculus/OculusControllerMaterial.uasset" 307
"../../../Engine/Content/VREditor/Devices/Oculus/OculusControllerMaterial_Inst.uasset" 308
"../../../Engine/Content/VREditor/Devices/Oculus/OculusControllerMesh.uasset" 309
"../../../Engine/Content/VREditor/Devices/Vive/T_VivePreController_EM.uasset" 310
"../../../Engine/Content/VREditor/Devices/Vive/VivePreController_MasksA.uasset" 311
"../../../Engine/Content/VREditor/Devices/Vive/VivePreControllerDiffuse.uasset" 312
"../../../Engine/Content/VREditor/Devices/Vive/VivePreControllerSpec.uasset" 313
"../../../Engine/Content/VREditor/LaserPointer/VR_LaserPower_01.uasset" 314
"../../../Engine/Content/VREditor/Devices/Vive/VivePreControllerMaterial.uasset" 315
"../../../Engine/Content/VREditor/Devices/Vive/VivePreControllerMaterial_Inst.uasset" 316
"../../../Engine/Content/VREditor/Devices/Vive/VivePreControllerMesh.uasset" 317
"../../../Engine/Content/VREditor/FloatingText/LineMaterial.uasset" 318
"../../../Engine/Content/VREditor/FloatingText/JointSphere.uasset" 319
"../../../Engine/Content/VREditor/FloatingText/LineSegmentCylinder.uasset" 320
"../../../Engine/Content/VREditor/Fonts/VRText_RobotoLarge.uasset" 321
"../../../Engine/Content/VREditor/Fonts/VRTextMaterial.uasset" 322
"../../../Engine/Content/VREditor/Fonts/TranslucentVRTextMaterial.uasset" 323
"../../../Engine/Content/VREditor/LaserPointer/CursorPointer.uasset" 324
"../../../Engine/Content/VREditor/TransformGizmo/TransformGizmoMaterial.uasset" 325
"../../../Engine/Content/VREditor/LaserPointer/HoverMaterial.uasset" 326
"../../../Engine/Content/VREditor/TransformGizmo/TranslucentTransformGizmoMaterial.uasset" 327
"../../../Engine/Content/VREditor/LaserPointer/TranslucentHoverMaterial.uasset" 328
"../../../Engine/Content/VREditor/LaserPointer/HoverMesh.uasset" 329
"../../../Engine/Content/VREditor/LaserPointer/LaserPointerMaterial.uasset" 330
"../../../Engine/Content/VREditor/LaserPointer/LaserPointerMaterialInst.uasset" 331
"../../../Engine/Content/VREditor/LaserPointer/TranslucentLaserPointerMaterialInst.uasset" 332
"../../../Engine/Content/VREditor/LaserPointer/LaserPointerMesh.uasset" 333
"../../../Engine/Content/VREditor/LaserPointer/LaserPointerMesh_End.uasset" 334
"../../../Engine/Content/VREditor/LaserPointer/LaserPointerMesh_Start.uasset" 335
"../../../Engine/Content/VREditor/Sounds/VR_teleport.uasset" 336
"../../../Engine/Content/VREditor/Sounds/UI/Click_on_Button.uasset" 337
"../../../Engine/Content/VREditor/Sounds/UI/Click_on_Button_Cue.uasset" 338
"../../../Engine/Content/VREditor/Sounds/UI/Dockable_Window_Close.uasset" 339
"../../../Engine/Content/VREditor/Sounds/UI/Dockable_Window_Drop.uasset" 340
"../../../Engine/Content/VREditor/Sounds/UI/Dockable_Window_Open.uasset" 341
"../../../Engine/Content/VREditor/Sounds/UI/Dockable_Window_Pick_Up.uasset" 342
"../../../Engine/Content/VREditor/Sounds/UI/Drop_Item_From_ContentBrowser.uasset" 343
"../../../Engine/Content/VREditor/Sounds/UI/Floating_UI_Open-001.uasset" 344
"../../../Engine/Content/VREditor/Sounds/UI/Radial_Menu_FadeOut.uasset" 345
"../../../Engine/Content/VREditor/Sounds/UI/Teleport_Mode_Entered.uasset" 346
"../../../Engine/Content/VREditor/Teleport/TeleportDirectionMaterial.uasset" 347
"../../../Engine/Content/VREditor/Teleport/TeleportDirectionMaterial_Inst.uasset" 348
"../../../Engine/Content/VREditor/Teleport/TeleportDirectionMesh.uasset" 349
"../../../Engine/Content/VREditor/TransformGizmo/BoundingBoxCorner.uasset" 350
"../../../Engine/Content/VREditor/TransformGizmo/BoundingBoxEdge.uasset" 351
"../../../Engine/Content/VREditor/TransformGizmo/PlaneTranslationHandle.uasset" 352
"../../../Engine/Content/VREditor/TransformGizmo/Main.uasset" 353
"../../../Engine/Content/VREditor/TransformGizmo/Xray.uasset" 354
"../../../Engine/Content/VREditor/TransformGizmo/SM_Dialog_Close.uasset" 355
"../../../Engine/Content/VREditor/TransformGizmo/SM_Dialog_Move.uasset" 356
"../../../Engine/Content/VREditor/TransformGizmo/SM_Sequencer_Key.uasset" 357
"../../../Engine/Content/VREditor/TransformGizmo/SM_Sequencer_Node.uasset" 358
"../../../Engine/Content/VREditor/TransformGizmo/TransformGizmoMaterial_Inst.uasset" 359
"../../../Engine/Content/VREditor/TransformGizmo/TranslucentTransformGizmoMaterial_Inst.uasset" 360
"../../../Engine/Content/VREditor/Devices/Vive/UE4_Logo.uasset" 361
"../../../Engine/Content/VREditor/UI/M_ContentWindow.uasset" 362
"../../../Engine/Content/VREditor/UI/SM_ContentWindow_01.uasset" 363
"../../../Engine/Content/VREditor/UI/KeyDiskMaterial.uasset" 364
"../../../Engine/Content/VREditor/UI/DiscMaterial.uasset" 365
"../../../Engine/Content/VREditor/UI/SM_Radial_Disk.uasset" 366
"../../../Engine/Content/VREditor/UI/ArrowMaterial.uasset" 367
"../../../Engine/Content/VREditor/UI/SM_Radial_Pointer.uasset" 368
"../../../Engine/Content/Functions/Engine_MaterialFunctions01/Gradient/RadialGradient.uasset" 369
"../../../Engine/Content/VREditor/WorldMovementGrid/SimpleGrid.uasset" 370
"../../../Engine/Content/VREditor/WorldMovementGrid/GridMaterial.uasset" 371
"../../../Engine/Content/Functions/Engine_MaterialFunctions01/Density/ExponentialDensity.uasset" 372
"../../../Engine/Content/VREditor/WorldMovementGrid/GridPostProcess.uasset" 373
"../../../Engine/Content/EditorLandscapeResources/FlattenHeightMat.uasset" 374
"../../../Engine/Content/VREditor/WorldMovementGrid/PlaneMesh.uasset" 375
"../../Plugins/2D/Paper2D/Content/PlaceholderTextures/DummySpriteTexture.uasset" 376
"../../Plugins/2D/Paper2D/Content/DummySprite.uasset" 377
"../../Plugins/2D/Paper2D/Content/DefaultPaperTerrainMaterial.uasset" 378
"../../Plugins/2D/Paper2D/Content/DefaultSpriteMaterial.uasset" 379
"../../Plugins/2D/Paper2D/Content/MaskedUnlitSpriteMaterial.uasset" 380
"../../Plugins/2D/Paper2D/Content/OpaqueUnlitSpriteMaterial.uasset" 381
"../../Plugins/Media/MediaCompositing/Content/DefaultMediaPlaneTexture.uasset" 382
"../../Plugins/Media/MediaCompositing/Content/DefaultMediaPlaneMaterial.uasset" 383
"../../../Engine/Content/Functions/Engine_MaterialFunctions02/Utility/MakeFloat4.uasset" 384
"../../Plugins/Runtime/AppleARKit/Content/ARKitCameraMaterial.uasset" 385
"../../Plugins/Runtime/Oculus/OculusVR/Content/Textures/GearVRController_AO.uasset" 386
"../../Plugins/Runtime/Oculus/OculusVR/Content/Textures/GearVRController_Color.uasset" 387
"../../Plugins/Runtime/Oculus/OculusVR/Content/Textures/GearVRController_Normal.uasset" 388
"../../Plugins/Runtime/Oculus/OculusVR/Content/Materials/GearVRControllerMaterial.uasset" 389
"../../Plugins/Runtime/Oculus/OculusVR/Content/Meshes/GearVrController.uasset" 390
"../../../Engine/Content/Maps/Entry.umap" 391
"../../../../../../Users/iD Student/Desktop/Jason K/PGScope/Content/AdventureKit/AK_Core/Zones/Blueprints/BP_LadderStepBuilder.uasset" 392
"../../../../../../Users/iD Student/Desktop/Jason K/PGScope/Content/AdventureKit/AK_Core/Materials/M_AdvMatBase.uasset" 393
"../../../../../../Users/iD Student/Desktop/Jason K/PGScope/Content/AdventureKit/AK_Core/Materials/MI_Zone.uasset" 394
"../../../../../../Users/iD Student/Desktop/Jason K/PGScope/Content/AdventureKit/AK_Core/Zones/Meshes/SM_Ladder.uasset" 395
"../../../../../../Users/iD Student/Desktop/Jason K/PGScope/Content/AdventureKit/AK_Core/Zones/Blueprints/BP_LadderZone.uasset" 396
"../../../../../../Users/iD Student/Desktop/Jason K/PGScope/Content/AdventureKit/AK_Core/Meshes/Shape_Cube.uasset" 397
"../../../../../../Users/iD Student/Desktop/Jason K/PGScope/Content/AdventureKit/AK_Core/Zones/Blueprints/BP_LedgeZone_Static.uasset" 398
"../../../../../../Users/iD Student/Desktop/Jason K/PGScope/Content/AdventureKit/AK_Core/Zones/Blueprints/BP_LedgeZone_Movable.uasset" 399
"../../../../../../Users/iD Student/Desktop/Jason K/PGScope/Content/AdventureKit/AK_Core/Zones/Blueprints/BP_LedgeZone_Animated.uasset" 400
"../../../../../../Users/iD Student/Desktop/Jason K/PGScope/Content/AdventureKit/AK_Core/Zones/Meshes/SM_SplineCube.uasset" 401
"../../../../../../Users/iD Student/Desktop/Jason K/PGScope/Content/AdventureKit/AK_Core/Zones/Blueprints/BP_SplineZone.uasset" 402
"../../../../../../Users/iD Student/Desktop/Jason K/PGScope/Content/AdventureKit/AK_Core/Zones/Blueprints/BP_LedgeZone_Spline.uasset" 403
"../../../../../../Users/iD Student/Desktop/Jason K/PGScope/Content/AdventureKit/AK_Core/Zones/Blueprints/BP_TightspaceZone.uasset" 404
"../../../../../../Users/iD Student/Desktop/Jason K/PGScope/Content/AdventureKit/AK_Core/Zones/Blueprints/BP_WallZone.uasset" 405
"../../../Engine/Content/EngineSky/C_Sky_Cloud_Color.uasset" 406
"../../../Engine/Content/EngineSky/C_Sky_Horizon_Color.uasset" 407
"../../../Engine/Content/EngineSky/C_Sky_Zenith_Color.uasset" 408
"../../../Engine/Content/EngineSky/T_Sky_Blue.uasset" 409
"../../../Engine/Content/EngineSky/T_Sky_Clouds_M.uasset" 410
"../../../Engine/Content/EngineSky/T_Sky_Stars.uasset" 411
"../../../Engine/Content/EngineSky/M_Sky_Panning_Clouds2.uasset" 412
"../../../Engine/Content/EngineSky/SM_SkySphere.uasset" 413
"../../../Engine/Content/EngineSky/BP_Sky_Sphere.uasset" 414
"../../../../../../Users/iD Student/Desktop/Jason K/PGScope/Content/AdventureKit/AK_Core/Weapons/Blueprints/BP_ItemPickup_Base.uasset" 415
"../../../Engine/Content/EngineMeshes/Humanoid.uasset" 416
"../../../../../../Users/iD Student/Desktop/Jason K/PGScope/Content/AnimStarterPack/UE4_Mannequin/Mesh/UE4_Mannequin_Skeleton.uasset" 417
"../../../../../../Users/iD Student/Desktop/Jason K/PGScope/Content/AnimStarterPack/Reload_Pistol.uasset" 418
"../../../../../../Users/iD Student/Desktop/Jason K/PGScope/Content/AdventureKit/AK_Core/Characters/Montages/AM_Gun_Reload.uasset" 419
"../../../../../../Users/iD Student/Desktop/Jason K/PGScope/Content/AdventureKit/AK_Core/Weapons/Blueprints/BP_TargetingWeapon.uasset" 420
"../../../../../../Users/iD Student/Desktop/Jason K/PGScope/Content/AdventureKit/AK_Core/Weapons/Blueprints/EWeaponType.uasset" 421
"../../../../../../Users/iD Student/Desktop/Jason K/PGScope/Content/AdventureKit/AK_Core/Weapons/Blueprints/BPI_TypedWeapon.uasset" 422
"../../../../../../Users/iD Student/Desktop/Jason K/PGScope/Content/AdventureKit/AK_Core/Weapons/Materials/M_HeatGun_HeatMaterial.uasset" 423
"../../../../../../Users/iD Student/Desktop/Jason K/PGScope/Content/AdventureKit/AK_Core/Meshes/Shape_Sphere.uasset" 424
"../../../../../../Users/iD Student/Desktop/Jason K/PGScope/Content/AdventureKit/AK_Core/Weapons/Blueprints/BP_HeatGun_Projectile.uasset" 425
"../../../../../../Users/iD Student/Desktop/Jason K/PGScope/Content/AdventureKit/AK_Core/Weapons/Data/BP_Data_HeatGun_PrimaryFire.uasset" 426
"../../../../../../Users/iD Student/Desktop/Jason K/PGScope/Content/AdventureKit/AK_Core/Materials/MI_Weapon.uasset" 427
"../../../../../../Users/iD Student/Desktop/Jason K/PGScope/Content/AdventureKit/AK_Core/Weapons/Meshes/SM_HeatGun.uasset" 428
"../../../../../../Users/iD Student/Desktop/Jason K/PGScope/Content/AdventureKit/AK_Core/Weapons/Materials/M_HeatGun_Smoke.uasset" 429
"../../../../../../Users/iD Student/Desktop/Jason K/PGScope/Content/AdventureKit/AK_Core/Weapons/Particles/P_HeatGun_Smoke.uasset" 430
"../../../../../../Users/iD Student/Desktop/Jason K/PGScope/Content/AdventureKit/AK_Core/Weapons/Sounds/SW_HeatGun_Overheat_Hiss.uasset" 431
"../../../../../../Users/iD Student/Desktop/Jason K/PGScope/Content/AdventureKit/AK_Core/Weapons/Sounds/SW_Pistol_Empty.uasset" 432
"../../../../../../Users/iD Student/Desktop/Jason K/PGScope/Content/AdventureKit/AK_Core/Weapons/Sounds/SW_Pistol_Shot.uasset" 433
"../../../../../../Users/iD Student/Desktop/Jason K/PGScope/Content/AdventureKit/AK_Core/Weapons/Textures/T_Icon_HeatGun.uasset" 434
"../../../../../../Users/iD Student/Desktop/Jason K/PGScope/Content/AdventureKit/AK_Core/Weapons/Textures/T_Pistol_Crosshair.uasset" 435
"../../../../../../Users/iD Student/Desktop/Jason K/PGScope/Content/AdventureKit/AK_Core/Weapons/Blueprints/BP_HeatGun.uasset" 436
"../../../../../../Users/iD Student/Desktop/Jason K/PGScope/Content/AdventureKit/AK_Core/Weapons/Blueprints/BP_WeaponsPickup_HeatGun.uasset" 437
"../../../../../../Users/iD Student/Desktop/Jason K/PGScope/Content/AdventureKit/AK_Core/Characters/Animations/AS_Grapple.uasset" 438
"../../../../../../Users/iD Student/Desktop/Jason K/PGScope/Content/AdventureKit/AK_Core/Characters/Montages/AM_Grapple.uasset" 439
"../../../Engine/Content/EditorBlueprintResources/ActorMacros.uasset" 440
"../../../../../../Users/iD Student/Desktop/Jason K/PGScope/Content/AdventureKit/AK_Core/Weapons/Meshes/SM_GapplingHook_Hook.uasset" 441
"../../../Engine/Content/Functions/Engine_MaterialFunctions02/Texturing/CustomRotator.uasset" 442
"../../../../../../Users/iD Student/Desktop/Jason K/PGScope/Content/AdventureKit/AK_Core/Zones/Textures/T_ZipLine_Rope_BC.uasset" 443
"../../../../../../Users/iD Student/Desktop/Jason K/PGScope/Content/AdventureKit/AK_Core/Zones/Textures/T_ZipLine_Rope_N.uasset" 444
"../../../../../../Users/iD Student/Desktop/Jason K/PGScope/Content/AdventureKit/AK_Core/Zones/Materials/M_ZipLine_Rope.uasset" 445
"../../../../../../Users/iD Student/Desktop/Jason K/PGScope/Content/AdventureKit/AK_Core/Zones/Particles/P_ZipLine_Rope.uasset" 446
"../../../../../../Users/iD Student/Desktop/Jason K/PGScope/Content/AdventureKit/AK_Core/Weapons/Blueprints/BP_GrapplingHook_Projectile.uasset" 447
"../../../../../../Users/iD Student/Desktop/Jason K/PGScope/Content/AdventureKit/AK_Core/Weapons/Blueprints/BPI_MovementDrivingItem.uasset" 448
"../../../../../../Users/iD Student/Desktop/Jason K/PGScope/Content/AdventureKit/AK_Core/Weapons/Data/BP_GrapplingHook_DummyFireMode.uasset" 449
"../../../../../../Users/iD Student/Desktop/Jason K/PGScope/Content/AdventureKit/AK_Core/Weapons/Data/BP_GrapplingHook_Firemode.uasset" 450
"../../../../../../Users/iD Student/Desktop/Jason K/PGScope/Content/AdventureKit/AK_Core/Weapons/Meshes/SM_GrapplingHook_Base.uasset" 451
"../../../../../../Users/iD Student/Desktop/Jason K/PGScope/Content/AdventureKit/AK_Core/Weapons/Textures/T_GrapplingHook_Crosshair.uasset" 452
"../../../../../../Users/iD Student/Desktop/Jason K/PGScope/Content/AdventureKit/AK_Core/Weapons/Textures/T_GrapplingHook_Icon.uasset" 453
"../../../../../../Users/iD Student/Desktop/Jason K/PGScope/Content/AdventureKit/AK_Core/Weapons/Materials/M_GrapplingHook_TargetReticule.uasset" 454
"../../../../../../Users/iD Student/Desktop/Jason K/PGScope/Content/AdventureKit/AK_Core/Weapons/UI/WBP_GrapplingHook_TargetReticule.uasset" 455
"../../../../../../Users/iD Student/Desktop/Jason K/PGScope/Content/AdventureKit/AK_Core/Weapons/Blueprints/BP_GrapplingHook.uasset" 456
"../../../../../../Users/iD Student/Desktop/Jason K/PGScope/Content/AdventureKit/AK_Core/Weapons/Blueprints/BP_WeaponsPickup_Hook.uasset" 457
"../../../../../../Users/iD Student/Desktop/Jason K/PGScope/Content/AdventureKit/AK_Core/Characters/Animations/AS_Balance_FallOff_L.uasset" 458
"../../../../../../Users/iD Student/Desktop/Jason K/PGScope/Content/AdventureKit/AK_Core/Characters/Animations/AS_Balance_FallOff_R.uasset" 459
"../../../../../../Users/iD Student/Desktop/Jason K/PGScope/Content/AdventureKit/AK_Core/Characters/Animations/AS_BalanceToWalking.uasset" 460
"../../../../../../Users/iD Student/Desktop/Jason K/PGScope/Content/AdventureKit/AK_Core/Characters/Animations/AS_Bow_Draw.uasset" 461
"../../../../../../Users/iD Student/Desktop/Jason K/PGScope/Content/AdventureKit/AK_Core/Characters/Animations/AS_Ceiling_ToWall.uasset" 462
"../../../../../../Users/iD Student/Desktop/Jason K/PGScope/Content/AdventureKit/AK_Core/Characters/Animations/AS_FallingToZone.uasset" 463
"../../../../../../Users/iD Student/Desktop/Jason K/PGScope/Content/AdventureKit/AK_Core/Characters/Animations/AS_JumpToZone.uasset" 464
"../../../../../../Users/iD Student/Desktop/Jason K/PGScope/Content/AdventureKit/AK_Core/Characters/Animations/AS_Ladder_Down.uasset" 465
"../../../../../../Users/iD Student/Desktop/Jason K/PGScope/Content/AdventureKit/AK_Core/Characters/Animations/AS_Ladder_Enter_Bottom.uasset" 466
"../../../../../../Users/iD Student/Desktop/Jason K/PGScope/Content/AdventureKit/AK_Core/Characters/Animations/AS_Ladder_Enter_Top.uasset" 467
"../../../../../../Users/iD Student/Desktop/Jason K/PGScope/Content/AdventureKit/AK_Core/Characters/Animations/AS_Ladder_Exit_Bottom.uasset" 468
"../../../../../../Users/iD Student/Desktop/Jason K/PGScope/Content/AdventureKit/AK_Core/Characters/Animations/AS_Ladder_Exit_Top.uasset" 469
"../../../../../../Users/iD Student/Desktop/Jason K/PGScope/Content/AdventureKit/AK_Core/Characters/Animations/AS_Ladder_Idle.uasset" 470
"../../../../../../Users/iD Student/Desktop/Jason K/PGScope/Content/AdventureKit/AK_Core/Characters/Animations/AS_Ladder_Jump_L.uasset" 471
"../../../../../../Users/iD Student/Desktop/Jason K/PGScope/Content/AdventureKit/AK_Core/Characters/Animations/AS_Ladder_Jump_R.uasset" 472
"../../../../../../Users/iD Student/Desktop/Jason K/PGScope/Content/AdventureKit/AK_Core/Characters/Animations/AS_Ladder_To_Ledge_L.uasset" 473
"../../../../../../Users/iD Student/Desktop/Jason K/PGScope/Content/AdventureKit/AK_Core/Characters/Animations/AS_Ladder_To_Ledge_R.uasset" 474
"../../../../../../Users/iD Student/Desktop/Jason K/PGScope/Content/AdventureKit/AK_Core/Characters/Animations/AS_Ladder_Up.uasset" 475
"../../../../../../Users/iD Student/Desktop/Jason K/PGScope/Content/AdventureKit/AK_Core/Characters/Animations/AS_Ledge_Corner_Inner_L.uasset" 476
"../../../../../../Users/iD Student/Desktop/Jason K/PGScope/Content/AdventureKit/AK_Core/Characters/Animations/AS_Ledge_Corner_Inner_R.uasset" 477
"../../../../../../Users/iD Student/Desktop/Jason K/PGScope/Content/AdventureKit/AK_Core/Characters/Animations/AS_Ledge_Corner_Outer_L.uasset" 478
"../../../../../../Users/iD Student/Desktop/Jason K/PGScope/Content/AdventureKit/AK_Core/Characters/Animations/AS_Ledge_Corner_Outer_R.uasset" 479
"../../../../../../Users/iD Student/Desktop/Jason K/PGScope/Content/AdventureKit/AK_Core/Characters/Animations/AS_Ledge_Jump_Down.uasset" 480
"../../../../../../Users/iD Student/Desktop/Jason K/PGScope/Content/AdventureKit/AK_Core/Characters/Animations/AS_Ledge_Jump_L.uasset" 481
"../../../../../../Users/iD Student/Desktop/Jason K/PGScope/Content/AdventureKit/AK_Core/Characters/Animations/AS_Ledge_Jump_R.uasset" 482
"../../../../../../Users/iD Student/Desktop/Jason K/PGScope/Content/AdventureKit/AK_Core/Characters/Animations/AS_Ledge_Jump_Up.uasset" 483
"../../../../../../Users/iD Student/Desktop/Jason K/PGScope/Content/AdventureKit/AK_Core/Characters/Animations/AS_Ledge_To_Ladder_L.uasset" 484
"../../../../../../Users/iD Student/Desktop/Jason K/PGScope/Content/AdventureKit/AK_Core/Characters/Animations/AS_Ledge_To_Ladder_R.uasset" 485
"../../../../../../Users/iD Student/Desktop/Jason K/PGScope/Content/AdventureKit/AK_Core/Characters/Animations/AS_Ledge_To_Platform.uasset" 486
"../../../../../../Users/iD Student/Desktop/Jason K/PGScope/Content/AdventureKit/AK_Core/Characters/Animations/AS_Ledge_To_TightSpace.uasset" 487
"../../../../../../Users/iD Student/Desktop/Jason K/PGScope/Content/AdventureKit/AK_Core/Characters/Animations/AS_Ledge_Walk_Over.uasset" 488
"../../../../../../Users/iD Student/Desktop/Jason K/PGScope/Content/AdventureKit/AK_Core/Characters/Animations/AS_MiniGun_Hold.uasset" 489
"../../../../../../Users/iD Student/Desktop/Jason K/PGScope/Content/AdventureKit/AK_Core/Characters/Animations/AS_Sword_Idle.uasset" 490
"../../../../../../Users/iD Student/Desktop/Jason K/PGScope/Content/AdventureKit/AK_Core/Characters/Animations/AS_ThirdPersonJump_End.uasset" 491
"../../../../../../Users/iD Student/Desktop/Jason K/PGScope/Content/AdventureKit/AK_Core/Characters/Animations/AS_ThirdPersonJump_Loop.uasset" 492
"../../../../../../Users/iD Student/Desktop/Jason K/PGScope/Content/AdventureKit/AK_Core/Characters/Animations/AS_ThirdPersonJump_Start.uasset" 493
"../../../../../../Users/iD Student/Desktop/Jason K/PGScope/Content/AdventureKit/AK_Core/Characters/Animations/AS_TightSpace_Enter_End.uasset" 494
"../../../../../../Users/iD Student/Desktop/Jason K/PGScope/Content/AdventureKit/AK_Core/Characters/Animations/AS_TightSpace_Enter_Start.uasset" 495
"../../../../../../Users/iD Student/Desktop/Jason K/PGScope/Content/AdventureKit/AK_Core/Characters/Animations/AS_TightSpace_Exit_End.uasset" 496
"../../../../../../Users/iD Student/Desktop/Jason K/PGScope/Content/AdventureKit/AK_Core/Characters/Animations/AS_TightSpace_Exit_Start.uasset" 497
"../../../../../../Users/iD Student/Desktop/Jason K/PGScope/Content/AdventureKit/AK_Core/Characters/Animations/AS_TightSpace_To_Ledge.uasset" 498
"../../../../../../Users/iD Student/Desktop/Jason K/PGScope/Content/AdventureKit/AK_Core/Characters/Animations/AS_WalkingToZone.uasset" 499
"../../../../../../Users/iD Student/Desktop/Jason K/PGScope/Content/AdventureKit/AK_Core/Characters/Animations/AS_Wall_Climb_ToPlatform.uasset" 500
"../../../../../../Users/iD Student/Desktop/Jason K/PGScope/Content/AdventureKit/AK_Core/Characters/Animations/AS_Wall_Corner_Left_Inner.uasset" 501
"../../../../../../Users/iD Student/Desktop/Jason K/PGScope/Content/AdventureKit/AK_Core/Characters/Animations/AS_Wall_Corner_Left_Outer.uasset" 502
"../../../../../../Users/iD Student/Desktop/Jason K/PGScope/Content/AdventureKit/AK_Core/Characters/Animations/AS_Wall_Corner_Right_Inner.uasset" 503
"../../../../../../Users/iD Student/Desktop/Jason K/PGScope/Content/AdventureKit/AK_Core/Characters/Animations/AS_Wall_Corner_Right_Outer.uasset" 504
"../../../../../../Users/iD Student/Desktop/Jason K/PGScope/Content/AdventureKit/AK_Core/Characters/Animations/AS_Wall_Start.uasset" 505
"../../../../../../Users/iD Student/Desktop/Jason K/PGScope/Content/AdventureKit/AK_Core/Characters/Animations/AS_Wall_To_Ceiling.uasset" 506
"../../../../../../Users/iD Student/Desktop/Jason K/PGScope/Content/AdventureKit/AK_Core/Characters/Animations/AS_WallToFloor.uasset" 507
"../../../../../../Users/iD Student/Desktop/Jason K/PGScope/Content/AdventureKit/AK_Core/Characters/Animations/AS_Zipline.uasset" 508
"../../../../../../Users/iD Student/Desktop/Jason K/PGScope/Content/AdventureKit/AK_Core/Characters/Animations/AS_ZoneToFalling.uasset" 509
"../../../../../../Users/iD Student/Desktop/Jason K/PGScope/Content/AnimStarterPack/Idle_Pistol.uasset" 510
"../../../../../../Users/iD Student/Desktop/Jason K/PGScope/Content/AnimStarterPack/Idle_Rifle_Hip.uasset" 511
"../../../../../../Users/iD Student/Desktop/Jason K/PGScope/Content/AdventureKit/AK_Core/Characters/Animations/AS_Balance_Idle.uasset" 512
"../../../../../../Users/iD Student/Desktop/Jason K/PGScope/Content/AdventureKit/AK_Core/Characters/Animations/AS_Balance_Idle_L.uasset" 513
"../../../../../../Users/iD Student/Desktop/Jason K/PGScope/Content/AdventureKit/AK_Core/Characters/Animations/AS_Balance_Idle_R.uasset" 514
"../../../../../../Users/iD Student/Desktop/Jason K/PGScope/Content/AdventureKit/AK_Core/Characters/Animations/AS_Balance_Walk.uasset" 515
"../../../../../../Users/iD Student/Desktop/Jason K/PGScope/Content/AdventureKit/AK_Core/Characters/Animations/AS_Balance_Walk_L.uasset" 516
"../../../../../../Users/iD Student/Desktop/Jason K/PGScope/Content/AdventureKit/AK_Core/Characters/Animations/AS_Balance_Walk_R.uasset" 517
"../../../../../../Users/iD Student/Desktop/Jason K/PGScope/Content/AdventureKit/AK_Core/Characters/Blendspaces/Balance_BlendSpace.uasset" 518
"../../../../../../Users/iD Student/Desktop/Jason K/PGScope/Content/AnimStarterPack/Jog_Bwd_Rifle.uasset" 519
"../../../../../../Users/iD Student/Desktop/Jason K/PGScope/Content/AnimStarterPack/Jog_Fwd_Rifle.uasset" 520
"../../../../../../Users/iD Student/Desktop/Jason K/PGScope/Content/AnimStarterPack/Jog_Lt_Rifle.uasset" 521
"../../../../../../Users/iD Student/Desktop/Jason K/PGScope/Content/AnimStarterPack/Jog_Rt_Rifle.uasset" 522
"../../../../../../Users/iD Student/Desktop/Jason K/PGScope/Content/AdventureKit/AK_Core/Characters/Blendspaces/Jog_Blendspace.uasset" 523
"../../../../../../Users/iD Student/Desktop/Jason K/PGScope/Content/AdventureKit/AK_Core/Characters/Animations/AS_Wall_Down.uasset" 524
"../../../../../../Users/iD Student/Desktop/Jason K/PGScope/Content/AdventureKit/AK_Core/Characters/Animations/AS_Wall_Idle.uasset" 525
"../../../../../../Users/iD Student/Desktop/Jason K/PGScope/Content/AdventureKit/AK_Core/Characters/Animations/AS_Wall_Left.uasset" 526
"../../../../../../Users/iD Student/Desktop/Jason K/PGScope/Content/AdventureKit/AK_Core/Characters/Animations/AS_Wall_Right.uasset" 527
"../../../../../../Users/iD Student/Desktop/Jason K/PGScope/Content/AdventureKit/AK_Core/Characters/Animations/AS_Wall_Up.uasset" 528
"../../../../../../Users/iD Student/Desktop/Jason K/PGScope/Content/AdventureKit/AK_Core/Characters/Blendspaces/Wall_BlendSpace.uasset" 529
"../../../../../../Users/iD Student/Desktop/Jason K/PGScope/Content/AdventureKit/AK_Core/Characters/Animations/AS_Ceiling_Climb.uasset" 530
"../../../../../../Users/iD Student/Desktop/Jason K/PGScope/Content/AdventureKit/AK_Core/Characters/Animations/AS_Ceiling_Idle.uasset" 531
"../../../../../../Users/iD Student/Desktop/Jason K/PGScope/Content/AdventureKit/AK_Core/Characters/Blendspaces/Ceiling_BlendSpace.uasset" 532
"../../../../../../Users/iD Student/Desktop/Jason K/PGScope/Content/AdventureKit/AK_Core/Characters/Animations/AS_Ledge_Idle.uasset" 533
"../../../../../../Users/iD Student/Desktop/Jason K/PGScope/Content/AdventureKit/AK_Core/Characters/Animations/AS_Ledge_Left.uasset" 534
"../../../../../../Users/iD Student/Desktop/Jason K/PGScope/Content/AdventureKit/AK_Core/Characters/Animations/AS_Ledge_Right.uasset" 535
"../../../../../../Users/iD Student/Desktop/Jason K/PGScope/Content/AdventureKit/AK_Core/Characters/Blendspaces/Ledge_BlendSpace.uasset" 536
"../../../../../../Users/iD Student/Desktop/Jason K/PGScope/Content/AdventureKit/AK_Core/Characters/Animations/AS_ThirdPersonIdle.uasset" 537
"../../../../../../Users/iD Student/Desktop/Jason K/PGScope/Content/AdventureKit/AK_Core/Characters/Animations/AS_ThirdPersonRun.uasset" 538
"../../../../../../Users/iD Student/Desktop/Jason K/PGScope/Content/AdventureKit/AK_Core/Characters/Animations/AS_ThirdPersonWalk.uasset" 539
"../../../../../../Users/iD Student/Desktop/Jason K/PGScope/Content/AdventureKit/AK_Core/Characters/Blendspaces/ThirdPerson_IdleRun_BlendSpace2D.uasset" 540
"../../../../../../Users/iD Student/Desktop/Jason K/PGScope/Content/AdventureKit/AK_Core/Characters/Animations/AS_TightSpace_Idle.uasset" 541
"../../../../../../Users/iD Student/Desktop/Jason K/PGScope/Content/AdventureKit/AK_Core/Characters/Animations/AS_TightSpace_Walk.uasset" 542
"../../../../../../Users/iD Student/Desktop/Jason K/PGScope/Content/AdventureKit/AK_Core/Characters/Blendspaces/TightSpace_BlendSpace.uasset" 543
"../../../../../../Users/iD Student/Desktop/Jason K/PGScope/Content/AdventureKit/AK_Core/Weapons/Blueprints/BPI_ChargingWeapon.uasset" 544
"../../../../../../Users/iD Student/Desktop/Jason K/PGScope/Content/AdventureKit/AK_Core/Zones/Blueprints/BP_ZiplineZone.uasset" 545
"../../../../../../Users/iD Student/Desktop/Jason K/PGScope/Content/AdventureKit/AK_Core/Characters/Blueprints/ABP_CH_AdvKitCharacter.uasset" 546
"../../../Engine/Content/Functions/Engine_MaterialFunctions02/Utility/BlendAngleCorrectedNormals.uasset" 547
"../../../Engine/Content/Functions/MaterialLayerFunctions/MatLayerBlend_AO.uasset" 548
"../../../Engine/Content/Functions/MaterialLayerFunctions/MatLayerBlend_NormalBlend.uasset" 549
"../../../Engine/Content/Functions/MaterialLayerFunctions/MatLayerBlend_Simple.uasset" 550
"../../../../../../Users/iD Student/Desktop/Jason K/PGScope/Content/AnimStarterPack/UE4_Mannequin/Materials/MaterialLayers/T_ML_Rubber_Blue_01_D.uasset" 551
"../../../../../../Users/iD Student/Desktop/Jason K/PGScope/Content/AnimStarterPack/UE4_Mannequin/Materials/MaterialLayers/T_ML_Rubber_Blue_01_N.uasset" 552
"../../../../../../Users/iD Student/Desktop/Jason K/PGScope/Content/AnimStarterPack/UE4_Mannequin/Materials/MaterialLayers/ML_GlossyBlack_Latex_UE4.uasset" 553
"../../../../../../Users/iD Student/Desktop/Jason K/PGScope/Content/AnimStarterPack/UE4_Mannequin/Materials/MaterialLayers/ML_Plastic_Shiny_Beige.uasset" 554
"../../../../../../Users/iD Student/Desktop/Jason K/PGScope/Content/AnimStarterPack/UE4_Mannequin/Textures/UE4_LOGO_CARD.uasset" 555
"../../../../../../Users/iD Student/Desktop/Jason K/PGScope/Content/AnimStarterPack/UE4_Mannequin/Materials/MaterialLayers/ML_Plastic_Shiny_Beige_LOGO.uasset" 556
"../../../../../../Users/iD Student/Desktop/Jason K/PGScope/Content/AnimStarterPack/UE4_Mannequin/Materials/MaterialLayers/T_ML_Aluminum01.uasset" 557
"../../../../../../Users/iD Student/Desktop/Jason K/PGScope/Content/AnimStarterPack/UE4_Mannequin/Materials/MaterialLayers/T_ML_Aluminum01_N.uasset" 558
"../../../../../../Users/iD Student/Desktop/Jason K/PGScope/Content/AnimStarterPack/UE4_Mannequin/Materials/MaterialLayers/ML_SoftMetal_UE4.uasset" 559
"../../../../../../Users/iD Student/Desktop/Jason K/PGScope/Content/AnimStarterPack/UE4_Mannequin/Textures/UE4_Mannequin__normals.uasset" 560
"../../../../../../Users/iD Student/Desktop/Jason K/PGScope/Content/AnimStarterPack/UE4_Mannequin/Textures/UE4_Mannequin_MAT_MASKA.uasset" 561
"../../../../../../Users/iD Student/Desktop/Jason K/PGScope/Content/AnimStarterPack/UE4_Mannequin/Textures/UE4_Mannequin_occlusion_Mobile.uasset" 562
"../../../../../../Users/iD Student/Desktop/Jason K/PGScope/Content/AnimStarterPack/UE4_Mannequin/Materials/M_UE4Man_Body.uasset" 563
"../../../../../../Users/iD Student/Desktop/Jason K/PGScope/Content/AnimStarterPack/UE4_Mannequin/Textures/UE4Man_Logo_N.uasset" 564
"../../../../../../Users/iD Student/Desktop/Jason K/PGScope/Content/AnimStarterPack/UE4_Mannequin/Materials/M_UE4Man_ChestLogo.uasset" 565
"../../../../../../Users/iD Student/Desktop/Jason K/PGScope/Content/AnimStarterPack/UE4_Mannequin/Mesh/SK_Mannequin_PhysicsAsset.uasset" 566
"../../../../../../Users/iD Student/Desktop/Jason K/PGScope/Content/AdventureKit/AK_Core/Characters/Meshes/SK_Adv_Mannequin.uasset" 567
"../../../../../../Users/iD Student/Desktop/Jason K/PGScope/Content/AdventureKit/AK_SideScroller/Characters/Blueprints/BP_SideScroller_Character.uasset" 568
"../../../../../../Users/iD Student/Desktop/Jason K/PGScope/Content/AdventureKit/AK_Core/UI/WBP_AdvKit_AmmoCounter.uasset" 569
"../../../../../../Users/iD Student/Desktop/Jason K/PGScope/Content/AdventureKit/AK_Core/UI/WBP_AdvKit_HealthBar.uasset" 570
"../../../../../../Users/iD Student/Desktop/Jason K/PGScope/Content/AdventureKit/AK_Core/UI/WBP_AdvKit_DragItem.uasset" 571
"../../../../../../Users/iD Student/Desktop/Jason K/PGScope/Content/AdventureKit/AK_Core/UI/WBP_AdvKit_Item.uasset" 572
"../../../../../../Users/iD Student/Desktop/Jason K/PGScope/Content/AdventureKit/AK_Core/UI/WBP_AdvKit_InventoryBar.uasset" 573
"../../../../../../Users/iD Student/Desktop/Jason K/PGScope/Content/AdventureKit/AK_Core/UI/WBP_AdvKit_Reticule.uasset" 574
"../../../../../../Users/iD Student/Desktop/Jason K/PGScope/Content/AdventureKit/AK_Core/Weapons/Blueprints/BPI_TargetCollectingWeapon.uasset" 575
"../../../../../../Users/iD Student/Desktop/Jason K/PGScope/Content/AdventureKit/AK_Core/Textures/T_TargetMarker.uasset" 576
"../../../../../../Users/iD Student/Desktop/Jason K/PGScope/Content/AdventureKit/AK_Core/Weapons/Textures/T_Boomerang_SelectionMarker.uasset" 577
"../../../../../../Users/iD Student/Desktop/Jason K/PGScope/Content/AdventureKit/AK_Core/UI/WBP_AdvKit_TargetMarker.uasset" 578
"../../../../../../Users/iD Student/Desktop/Jason K/PGScope/Content/AdventureKit/AK_Core/UI/WBP_AdvKit_TargetMarkers.uasset" 579
"../../../../../../Users/iD Student/Desktop/Jason K/PGScope/Content/AdventureKit/AK_SideScroller/UI/WBP_SideScroller_HUD.uasset" 580
"../../../../../../Users/iD Student/Desktop/Jason K/PGScope/Content/AdventureKit/AK_SideScroller/UI/BP_SideScroller_HUD.uasset" 581
"../../../../../../Users/iD Student/Desktop/Jason K/PGScope/Content/AdventureKit/AK_SideScroller/Blueprints/BP_SideScroller_GameMode.uasset" 582
"../../../../../../Users/iD Student/Desktop/Jason K/PGScope/Content/Maps/PGScope_BuiltData.uasset" 583
"../../../Engine/Content/BasicShapes/BasicShapeMaterial.uasset" 584
"../../../../../../Users/iD Student/Desktop/Jason K/PGScope/Content/Materials/Red.uasset" 585
"../../../Engine/Content/BasicShapes/Cube.uasset" 586
"../../../Engine/Content/BasicShapes/Sphere.uasset" 587
"../../../../../../Users/iD Student/Desktop/Jason K/PGScope/Content/Blueprints/Dialogue.uasset" 588
"../../../../../../Users/iD Student/Desktop/Jason K/PGScope/Content/Blueprints/Dialogue2.uasset" 589
"../../../../../../Users/iD Student/Desktop/Jason K/PGScope/Content/Maps/PGScope.umap" 590
